<?xml version="1.0" encoding="UTF-8"?>
<testsuite name="Amazon cart testing "
           tests="10"
           failures="0"
           errors="0"
           skipped="0"
           time="81.175">
  <properties />
  
  
            <testcase name="addAnotherProductAndVerifyCartChange" time="14.862" classname="AmazonCartTesting" />
                <testcase name="removeAllProductFromCartAndVerifyTheChange" time="5.073" classname="AmazonCartTesting" />
                <testcase name="removeAProductFromCartAndVerifyTheChange" time="5.810" classname="AmazonCartTesting" />
                <testcase name="addProductIntoCartAndVerifyCart" time="17.508" classname="AmazonCartTesting" />
                <testcase name="checkFirstProductAsGift" time="5.377" classname="AmazonCartTesting" />
                <testcase name="moveProductIntoSaveForLater" time="4.924" classname="AmazonCartTesting" />
                <testcase name="addProductFromSavedForLaterIntoCartAgain" time="5.287" classname="AmazonCartTesting" />
                <testcase name="verifyAmazonHomePage" time="3.152" classname="AmazonCartTesting" />
                <testcase name="searchProductAndVerifyList" time="8.525" classname="AmazonCartTesting" />
                <testcase name="increaseTheNumberOfProductAndVerifyCart" time="10.657" classname="AmazonCartTesting" />
      
</testsuite>
